<?xml version="1.0" encoding="UTF-8"?>
<!-- Generated by org.testng.reporters.JUnitReportReporter -->
<testsuite skipped="0" hostname="Suhasa-PC" name="week5.Priorities" tests="3" failures="0" timestamp="03 Jul 2019 16:00:19 GMT" time="0.006" errors="0">
  <testcase name="LogOut" time="0.002" classname="week5.Priorities"/>
  <testcase name="Home" time="0.003" classname="week5.Priorities"/>
  <testcase name="Login" time="0.001" classname="week5.Priorities"/>
</testsuite> <!-- week5.Priorities -->
