<?xml version="1.0" encoding="UTF-8"?>
<!-- Generated by org.testng.reporters.JUnitReportReporter -->
<testsuite skipped="0" hostname="Suhasa-PC" name="week5.TestNGOrder" tests="3" failures="0" timestamp="06 Jul 2019 11:01:18 GMT" time="0.000" errors="0">
  <testcase name="atest3" time="0.000" classname="week5.TestNGOrder"/>
  <testcase name="btest1" time="0.000" classname="week5.TestNGOrder"/>
  <testcase name="ctest2" time="0.000" classname="week5.TestNGOrder"/>
</testsuite> <!-- week5.TestNGOrder -->
