<?xml version="1.0" encoding="UTF-8"?>
<!-- Generated by org.testng.reporters.JUnitReportReporter -->
<testsuite skipped="0" hostname="Suhasa-PC" name="week5.TestNGOrder" tests="3" failures="0" timestamp="01 Jul 2019 16:29:47 GMT" time="0.013" errors="0">
  <testcase name="atest3" time="0.006" classname="week5.TestNGOrder"/>
  <testcase name="btest1" time="0.005" classname="week5.TestNGOrder"/>
  <testcase name="ctest2" time="0.002" classname="week5.TestNGOrder"/>
</testsuite> <!-- week5.TestNGOrder -->
